<?xml version="1.0" encoding="UTF-8"?>
<testsuite name="TestSuite" time="35.61" tests="2" errors="0" skipped="0" failures="1">
  <properties>
    <property name="java.runtime.name" value="Java(TM) SE Runtime Environment"/>
    <property name="sun.boot.library.path" value="D:\SoftWare\java\jre\bin"/>
    <property name="java.vm.version" value="25.121-b13"/>
    <property name="java.vm.vendor" value="Oracle Corporation"/>
    <property name="maven.multiModuleProjectDirectory" value="D:\workSpace\EclipseProjects\AppiumForEclipse"/>
    <property name="java.vendor.url" value="http://java.oracle.com/"/>
    <property name="path.separator" value=";"/>
    <property name="guice.disable.misplaced.annotation.check" value="true"/>
    <property name="java.vm.name" value="Java HotSpot(TM) 64-Bit Server VM"/>
    <property name="file.encoding.pkg" value="sun.io"/>
    <property name="user.script" value=""/>
    <property name="user.country" value="CN"/>
    <property name="sun.java.launcher" value="SUN_STANDARD"/>
    <property name="sun.os.patch.level" value="Service Pack 1"/>
    <property name="java.vm.specification.name" value="Java Virtual Machine Specification"/>
    <property name="user.dir" value="D:\workSpace\EclipseProjects\AppiumForEclipse"/>
    <property name="java.runtime.version" value="1.8.0_121-b13"/>
    <property name="java.awt.graphicsenv" value="sun.awt.Win32GraphicsEnvironment"/>
    <property name="java.endorsed.dirs" value="D:\SoftWare\java\jre\lib\endorsed"/>
    <property name="os.arch" value="amd64"/>
    <property name="java.io.tmpdir" value="C:\Users\ADMINI~1\AppData\Local\Temp\"/>
    <property name="line.separator" value="&#10;"/>
    <property name="java.vm.specification.vendor" value="Oracle Corporation"/>
    <property name="user.variant" value=""/>
    <property name="os.name" value="Windows 7"/>
    <property name="classworlds.conf" value="D:\workSpace\EclipseProjects\.metadata\.plugins\org.eclipse.m2e.launching\launches\m2conf7716222002188034134.tmp"/>
    <property name="sun.jnu.encoding" value="GBK"/>
    <property name="java.library.path" value="D:\SoftWare\java\jre\bin;C:\Windows\Sun\Java\bin;C:\Windows\system32;C:\Windows;D:/SoftWare/java/jre/bin/server;D:/SoftWare/java/jre/bin;D:/SoftWare/java/jre/lib/amd64;D:\MyProgram\python\Scripts\;D:\MyProgram\python\;C:\ProgramData\Oracle\Java\javapath;C:\Windows\system32;C:\Windows;C:\Windows\System32\Wbem;C:\Windows\System32\WindowsPowerShell\v1.0\;D:\SoftWare\SDK\platform-tools;D:\SoftWare\SDK\tools;D:\SoftWare\Git\cmd;D:\SoftWare\Appium\node_modules\.bin\;D:\SoftWare\Appium\;D:\SoftWare\SDK\platform-tools;D:\SoftWare\SDK\tools;D:\SoftWare\apache-maven-3.3.9\bin;D:\SoftWare\AndroidStudio\gradle\gradle-3.2\bin;D:\SoftWare\java\jdk\bin;D:\SoftWare\java\jdk\jre\bin;D:\MyProgram\OpenVPN\bin;D:\SoftWare\eclipse;;."/>
    <property name="java.specification.name" value="Java Platform API Specification"/>
    <property name="java.class.version" value="52.0"/>
    <property name="sun.management.compiler" value="HotSpot 64-Bit Tiered Compilers"/>
    <property name="os.version" value="6.1"/>
    <property name="user.home" value="C:\Users\Administrator"/>
    <property name="user.timezone" value="Asia/Shanghai"/>
    <property name="java.awt.printerjob" value="sun.awt.windows.WPrinterJob"/>
    <property name="java.specification.version" value="1.8"/>
    <property name="file.encoding" value="GBK"/>
    <property name="user.name" value="Administrator"/>
    <property name="java.class.path" value="/D:/SoftWare/eclipse/plugins/org.eclipse.m2e.maven.runtime_1.7.0.20160603-1931/jars/plexus-classworlds-2.5.2.jar"/>
    <property name="java.vm.specification.version" value="1.8"/>
    <property name="sun.arch.data.model" value="64"/>
    <property name="java.home" value="D:\SoftWare\java\jre"/>
    <property name="sun.java.command" value="org.codehaus.plexus.classworlds.launcher.Launcher -B -s D:\SoftWare\apache-maven-3.3.9\conf\settings.xml test"/>
    <property name="java.specification.vendor" value="Oracle Corporation"/>
    <property name="user.language" value="zh"/>
    <property name="awt.toolkit" value="sun.awt.windows.WToolkit"/>
    <property name="java.vm.info" value="mixed mode"/>
    <property name="java.version" value="1.8.0_121"/>
    <property name="java.ext.dirs" value="D:\SoftWare\java\jre\lib\ext;C:\Windows\Sun\Java\lib\ext"/>
    <property name="sun.boot.class.path" value="D:\SoftWare\java\jre\lib\resources.jar;D:\SoftWare\java\jre\lib\rt.jar;D:\SoftWare\java\jre\lib\sunrsasign.jar;D:\SoftWare\java\jre\lib\jsse.jar;D:\SoftWare\java\jre\lib\jce.jar;D:\SoftWare\java\jre\lib\charsets.jar;D:\SoftWare\java\jre\lib\jfr.jar;D:\SoftWare\java\jre\classes"/>
    <property name="java.vendor" value="Oracle Corporation"/>
    <property name="maven.home" value="D:\workSpace\EclipseProjects\AppiumForEclipse\EMBEDDED"/>
    <property name="file.separator" value="\"/>
    <property name="java.vendor.url.bug" value="http://bugreport.sun.com/bugreport/"/>
    <property name="sun.cpu.endian" value="little"/>
    <property name="sun.io.unicode.encoding" value="UnicodeLittle"/>
    <property name="sun.desktop" value="windows"/>
    <property name="sun.cpu.isalist" value="amd64"/>
  </properties>
  <testcase name="testLogin" classname="top.cases.Login_Test" time="30.08">
    <failure message="expected [true] but found [false]" type="java.lang.AssertionError">java.lang.AssertionError: expected [true] but found [false]
	at org.testng.Assert.fail(Assert.java:94)
	at org.testng.Assert.failNotEquals(Assert.java:496)
	at org.testng.Assert.assertTrue(Assert.java:42)
	at org.testng.Assert.assertTrue(Assert.java:52)
	at top.cases.Login_Test.testLogin(Login_Test.java:49)
</failure>
    <system-out><![CDATA[========== 正在准备测试环境，请稍后 ==========
05-1114:42:29[org.springframework.context.annotation.AnnotationConfigApplicationContext-581][main][0   ] - Refreshing org.springframework.context.annotation.AnnotationConfigApplicationContext@63376bed: startup date [Thu May 11 14:42:29 CST 2017]; root of context hierarchy
  05-1114:42:30[org.springframework.beans.factory.annotation.AutowiredAnnotationBeanPostProcessor-155][main][189 ] - JSR-330 'javax.inject.Inject' annotation found and supported for autowiring
  ========== 环境准备完毕，测试即将开始 ==========
05-1114:42:31[top.base.listener.TestNGListener-25][main][1736] - testLogin Start
  05-1114:42:31[top.base.utils.Locator-27][main][1856] - .activity.main.NativeVideoActivity,第0次等待，Not Found!
  05-1114:42:32[top.base.utils.Locator-27][main][2949] - .activity.main.NativeVideoActivity,第1次等待，Not Found!
  05-1114:42:33[top.base.utils.Locator-27][main][4036] - .activity.main.NativeVideoActivity,第2次等待，Not Found!
  05-1114:42:34[top.base.utils.Locator-27][main][5123] - .activity.main.NativeVideoActivity,第3次等待，Not Found!
  05-1114:42:36[top.base.utils.Locator-23][main][6230] - .activity.main.NativeVideoActivity Found!
  05-1114:42:37[top.base.utils.Locator-54][main][7141] - com.tude.android:id/btn_jump,控件 found！
  【准备点击】:id: com.tude.android:id/btn_jump
【开始点击】:id: com.tude.android:id/btn_jump
05-1114:42:39[top.base.utils.Locator-54][main][9180] - com.tude.android:id/btn_profile,控件 found！
  【准备点击】:id: com.tude.android:id/btn_profile
【开始点击】:id: com.tude.android:id/btn_profile
05-1114:42:39[top.base.utils.Locator-23][main][10056] - com.tude.android.activity.member.LoginActivity Found!
  05-1114:42:40[top.base.utils.Locator-54][main][11032] - com.tude.android:id/tv_account,控件 found！
  【准备点击】:id: com.tude.android:id/tv_account
【开始点击】:id: com.tude.android:id/tv_account
【准备改变】:id: com.tude.android:id/et_account的数值
【控件】id: com.tude.android:id/et_account的数值已改变
【准备改变】:id: com.tude.android:id/et_password的数值
【控件】id: com.tude.android:id/et_password的数值已改变
【准备点击】:id: com.tude.android:id/btn_login
【开始点击】:id: com.tude.android:id/btn_login
05-1114:42:55[top.base.utils.Locator-23][main][25415] - com.tude.android.activity.member.LoginActivity Found!
  05-1114:42:55[top.base.utils.Locator-27][main][25520] - com.tude.android.activity.main.HomeActivity,第0次等待，Not Found!
  05-1114:42:56[top.base.utils.Locator-27][main][26632] - com.tude.android.activity.main.HomeActivity,第1次等待，Not Found!
  05-1114:42:57[top.base.utils.Locator-27][main][27723] - com.tude.android.activity.main.HomeActivity,第2次等待，Not Found!
  05-1114:42:58[top.base.utils.Locator-27][main][28851] - com.tude.android.activity.main.HomeActivity,第3次等待，Not Found!
  05-1114:42:59[top.base.utils.Locator-27][main][29966] - com.tude.android.activity.main.HomeActivity,第4次等待，Not Found!
  05-1114:43:00[top.base.listener.TestNGListener-31][main][30969] - testLogin Failure
  <img src=D:\workSpace\EclipseProjects\AppiumForEclipse\screenshots\testLogin_20170511_144300.jpg width='360px' height='640px' /img>
]]></system-out>
  </testcase>
  <testcase name="testSetting" classname="top.cases.ProfileSetting_Test" time="5.53"/>
</testsuite>